  [4;36;1mSQL (0.1ms)[0m   [0;1mSET NAMES 'utf8'[0m
  [4;35;1mSQL (0.1ms)[0m   [0mSET SQL_AUTO_IS_NULL=0[0m


Processing Rails::InfoController#properties (for 127.0.0.1 at 2010-06-17 00:11:16) [GET]
  [4;36;1mSQL (0.4ms)[0m   [0;1mSHOW TABLES[0m
Completed in 77ms (View: 10, DB: 1) | 200 OK [http://localhost/rails/info/properties]
  [4;36;1mSQL (0.1ms)[0m   [0;1mSET NAMES 'utf8'[0m
  [4;35;1mSQL (0.1ms)[0m   [0mSET SQL_AUTO_IS_NULL=0[0m
  [4;36;1mSQL (0.2ms)[0m   [0;1mSHOW TABLES[0m
  [4;35;1mSQL (8.1ms)[0m   [0mCREATE TABLE `schema_migrations` (`version` varchar(255) NOT NULL) ENGINE=InnoDB[0m
  [4;36;1mSQL (0.4ms)[0m   [0;1mSHOW KEYS FROM `schema_migrations`[0m
  [4;35;1mSQL (6.7ms)[0m   [0mCREATE UNIQUE INDEX `unique_schema_migrations` ON `schema_migrations` (`version`)[0m
  [4;36;1mSQL (0.3ms)[0m   [0;1mSHOW TABLES[0m
  [4;35;1mSQL (0.3ms)[0m   [0mSELECT version FROM schema_migrations[0m
Migrating to CreateRecipes (20100617040204)
  [4;36;1mSQL (4.9ms)[0m   [0;1mCREATE TABLE `recipes` (`id` int(11) DEFAULT NULL auto_increment PRIMARY KEY, `created_at` datetime, `updated_at` datetime) ENGINE=InnoDB[0m
  [4;35;1mSQL (0.8ms)[0m   [0mINSERT INTO schema_migrations (version) VALUES ('20100617040204')[0m
  [4;36;1mSQL (0.4ms)[0m   [0;1mSHOW TABLES[0m
  [4;35;1mSQL (0.2ms)[0m   [0mSELECT version FROM schema_migrations[0m
  [4;36;1mSQL (0.2ms)[0m   [0;1mSHOW TABLES[0m
  [4;35;1mSQL (0.7ms)[0m   [0mSHOW FIELDS FROM `recipes`[0m
  [4;36;1mSQL (13.9ms)[0m   [0;1mdescribe `recipes`[0m
  [4;35;1mSQL (0.4ms)[0m   [0mSHOW KEYS FROM `recipes`[0m
  [4;36;1mSQL (0.1ms)[0m   [0;1mSET NAMES 'utf8'[0m
  [4;35;1mSQL (0.1ms)[0m   [0mSET SQL_AUTO_IS_NULL=0[0m


Processing Rails::InfoController#properties (for 127.0.0.1 at 2010-06-17 00:12:23) [GET]
  [4;36;1mSQL (0.4ms)[0m   [0;1mSHOW TABLES[0m
  [4;35;1mSQL (0.2ms)[0m   [0mSELECT version FROM schema_migrations[0m
Completed in 78ms (View: 10, DB: 1) | 200 OK [http://localhost/rails/info/properties]
  [4;36;1mSQL (0.2ms)[0m   [0;1mSET NAMES 'utf8'[0m
  [4;35;1mSQL (0.1ms)[0m   [0mSET SQL_AUTO_IS_NULL=0[0m
  [4;36;1mSQL (16.9ms)[0m   [0;1mSHOW TABLES[0m
  [4;35;1mSQL (13.9ms)[0m   [0mSELECT version FROM schema_migrations[0m
Migrating to CreateRecipes (20100617040204)
Migrating to CreateQuantities (20100618015149)
  [4;36;1mSQL (6.1ms)[0m   [0;1mCREATE TABLE `quantities` (`id` int(11) DEFAULT NULL auto_increment PRIMARY KEY, `created_at` datetime, `updated_at` datetime) ENGINE=InnoDB[0m
  [4;35;1mSQL (1.1ms)[0m   [0mINSERT INTO schema_migrations (version) VALUES ('20100618015149')[0m
  [4;36;1mSQL (0.5ms)[0m   [0;1mSHOW TABLES[0m
  [4;35;1mSQL (0.2ms)[0m   [0mSELECT version FROM schema_migrations[0m
  [4;36;1mSQL (0.2ms)[0m   [0;1mSHOW TABLES[0m
  [4;35;1mSQL (0.8ms)[0m   [0mSHOW FIELDS FROM `quantities`[0m
  [4;36;1mSQL (0.6ms)[0m   [0;1mdescribe `quantities`[0m
  [4;35;1mSQL (0.5ms)[0m   [0mSHOW KEYS FROM `quantities`[0m
  [4;36;1mSQL (1.1ms)[0m   [0;1mSHOW FIELDS FROM `recipes`[0m
  [4;35;1mSQL (1.5ms)[0m   [0mdescribe `recipes`[0m
  [4;36;1mSQL (0.3ms)[0m   [0;1mSHOW KEYS FROM `recipes`[0m
  [4;36;1mSQL (0.1ms)[0m   [0;1mSET NAMES 'utf8'[0m
  [4;35;1mSQL (0.1ms)[0m   [0mSET SQL_AUTO_IS_NULL=0[0m
  [4;36;1mSQL (0.3ms)[0m   [0;1mSHOW TABLES[0m
  [4;35;1mSQL (0.1ms)[0m   [0mSELECT version FROM schema_migrations[0m
  [4;36;1mSQL (0.1ms)[0m   [0;1mSET NAMES 'utf8'[0m
  [4;35;1mSQL (0.1ms)[0m   [0mSET SQL_AUTO_IS_NULL=0[0m
  [4;36;1mSQL (0.4ms)[0m   [0;1mDROP DATABASE IF EXISTS `recipe_box_test`[0m
  [4;35;1mSQL (0.1ms)[0m   [0mCREATE DATABASE `recipe_box_test` DEFAULT CHARACTER SET `utf8`[0m
  [4;36;1mSQL (0.1ms)[0m   [0;1mSET NAMES 'utf8'[0m
  [4;35;1mSQL (0.1ms)[0m   [0mSET SQL_AUTO_IS_NULL=0[0m
  [4;36;1mSQL (0.3ms)[0m   [0;1mSHOW TABLES[0m
  [4;35;1mSQL (7.2ms)[0m   [0mCREATE TABLE `quantities` (`id` int(11) DEFAULT NULL auto_increment PRIMARY KEY, `created_at` datetime, `updated_at` datetime) ENGINE=InnoDB[0m
  [4;36;1mSQL (0.4ms)[0m   [0;1mSHOW TABLES[0m
  [4;35;1mSQL (4.3ms)[0m   [0mCREATE TABLE `recipes` (`id` int(11) DEFAULT NULL auto_increment PRIMARY KEY, `created_at` datetime, `updated_at` datetime) ENGINE=InnoDB[0m
  [4;36;1mSQL (0.3ms)[0m   [0;1mSHOW TABLES[0m
  [4;35;1mSQL (3.7ms)[0m   [0mCREATE TABLE `schema_migrations` (`version` varchar(255) NOT NULL) ENGINE=InnoDB[0m
  [4;36;1mSQL (0.5ms)[0m   [0;1mSHOW KEYS FROM `schema_migrations`[0m
  [4;35;1mSQL (7.0ms)[0m   [0mCREATE UNIQUE INDEX `unique_schema_migrations` ON `schema_migrations` (`version`)[0m
  [4;36;1mSQL (0.4ms)[0m   [0;1mSHOW TABLES[0m
  [4;35;1mSQL (0.4ms)[0m   [0mSELECT version FROM `schema_migrations`[0m
  [4;36;1mSQL (0.6ms)[0m   [0;1mINSERT INTO `schema_migrations` (version) VALUES ('20100618015149')[0m
  [4;35;1mSQL (0.8ms)[0m   [0mINSERT INTO `schema_migrations` (version) VALUES ('20100617040204')[0m
  [4;36;1mSQL (0.1ms)[0m   [0;1mSET NAMES 'utf8'[0m
  [4;35;1mSQL (0.1ms)[0m   [0mSET SQL_AUTO_IS_NULL=0[0m
  [4;36;1mSQL (0.3ms)[0m   [0;1mSHOW TABLES[0m
  [4;35;1mSQL (0.1ms)[0m   [0mSELECT version FROM schema_migrations[0m
  [4;36;1mSQL (0.1ms)[0m   [0;1mSET NAMES 'utf8'[0m
  [4;35;1mSQL (0.1ms)[0m   [0mSET SQL_AUTO_IS_NULL=0[0m
  [4;36;1mSQL (8.9ms)[0m   [0;1mDROP DATABASE IF EXISTS `recipe_box_test`[0m
  [4;35;1mSQL (0.2ms)[0m   [0mCREATE DATABASE `recipe_box_test` DEFAULT CHARACTER SET `utf8`[0m
  [4;36;1mSQL (0.2ms)[0m   [0;1mSET NAMES 'utf8'[0m
  [4;35;1mSQL (0.1ms)[0m   [0mSET SQL_AUTO_IS_NULL=0[0m
  [4;36;1mSQL (0.2ms)[0m   [0;1mSHOW TABLES[0m
  [4;35;1mSQL (4.8ms)[0m   [0mCREATE TABLE `quantities` (`id` int(11) DEFAULT NULL auto_increment PRIMARY KEY, `created_at` datetime, `updated_at` datetime) ENGINE=InnoDB[0m
  [4;36;1mSQL (0.2ms)[0m   [0;1mSHOW TABLES[0m
  [4;35;1mSQL (3.5ms)[0m   [0mCREATE TABLE `recipes` (`id` int(11) DEFAULT NULL auto_increment PRIMARY KEY, `created_at` datetime, `updated_at` datetime) ENGINE=InnoDB[0m
  [4;36;1mSQL (0.2ms)[0m   [0;1mSHOW TABLES[0m
  [4;35;1mSQL (4.1ms)[0m   [0mCREATE TABLE `schema_migrations` (`version` varchar(255) NOT NULL) ENGINE=InnoDB[0m
  [4;36;1mSQL (0.3ms)[0m   [0;1mSHOW KEYS FROM `schema_migrations`[0m
  [4;35;1mSQL (6.3ms)[0m   [0mCREATE UNIQUE INDEX `unique_schema_migrations` ON `schema_migrations` (`version`)[0m
  [4;36;1mSQL (0.4ms)[0m   [0;1mSHOW TABLES[0m
  [4;35;1mSQL (0.6ms)[0m   [0mSELECT version FROM `schema_migrations`[0m
  [4;36;1mSQL (0.6ms)[0m   [0;1mINSERT INTO `schema_migrations` (version) VALUES ('20100618015149')[0m
  [4;35;1mSQL (0.6ms)[0m   [0mINSERT INTO `schema_migrations` (version) VALUES ('20100617040204')[0m
  [4;36;1mSQL (0.1ms)[0m   [0;1mSET NAMES 'utf8'[0m
  [4;35;1mSQL (0.1ms)[0m   [0mSET SQL_AUTO_IS_NULL=0[0m
  [4;36;1mSQL (0.3ms)[0m   [0;1mSHOW TABLES[0m
  [4;35;1mSQL (0.1ms)[0m   [0mSELECT version FROM schema_migrations[0m
Migrating to CreateRecipes (20100617040204)
Migrating to CreateQuantities (20100618015149)
Migrating to CreateIngredients (20100618022713)
  [4;36;1mSQL (7.6ms)[0m   [0;1mCREATE TABLE `ingredients` (`id` int(11) DEFAULT NULL auto_increment PRIMARY KEY, `created_at` datetime, `updated_at` datetime) ENGINE=InnoDB[0m
  [4;35;1mSQL (0.7ms)[0m   [0mINSERT INTO schema_migrations (version) VALUES ('20100618022713')[0m
  [4;36;1mSQL (0.4ms)[0m   [0;1mSHOW TABLES[0m
  [4;35;1mSQL (0.2ms)[0m   [0mSELECT version FROM schema_migrations[0m
  [4;36;1mSQL (0.2ms)[0m   [0;1mSHOW TABLES[0m
  [4;35;1mSQL (0.7ms)[0m   [0mSHOW FIELDS FROM `ingredients`[0m
  [4;36;1mSQL (0.5ms)[0m   [0;1mdescribe `ingredients`[0m
  [4;35;1mSQL (0.3ms)[0m   [0mSHOW KEYS FROM `ingredients`[0m
  [4;36;1mSQL (0.6ms)[0m   [0;1mSHOW FIELDS FROM `quantities`[0m
  [4;35;1mSQL (0.5ms)[0m   [0mdescribe `quantities`[0m
  [4;36;1mSQL (0.2ms)[0m   [0;1mSHOW KEYS FROM `quantities`[0m
  [4;35;1mSQL (0.5ms)[0m   [0mSHOW FIELDS FROM `recipes`[0m
  [4;36;1mSQL (0.5ms)[0m   [0;1mdescribe `recipes`[0m
  [4;35;1mSQL (0.2ms)[0m   [0mSHOW KEYS FROM `recipes`[0m
  [4;36;1mSQL (0.1ms)[0m   [0;1mSET NAMES 'utf8'[0m
  [4;35;1mSQL (0.1ms)[0m   [0mSET SQL_AUTO_IS_NULL=0[0m
  [4;36;1mSQL (0.3ms)[0m   [0;1mSHOW TABLES[0m
  [4;35;1mSQL (0.1ms)[0m   [0mSELECT version FROM schema_migrations[0m
  [4;36;1mSQL (0.1ms)[0m   [0;1mSET NAMES 'utf8'[0m
  [4;35;1mSQL (0.1ms)[0m   [0mSET SQL_AUTO_IS_NULL=0[0m
  [4;36;1mSQL (3.5ms)[0m   [0;1mDROP DATABASE IF EXISTS `recipe_box_test`[0m
  [4;35;1mSQL (0.2ms)[0m   [0mCREATE DATABASE `recipe_box_test` DEFAULT CHARACTER SET `utf8`[0m
  [4;36;1mSQL (0.1ms)[0m   [0;1mSET NAMES 'utf8'[0m
  [4;35;1mSQL (0.1ms)[0m   [0mSET SQL_AUTO_IS_NULL=0[0m
  [4;36;1mSQL (0.2ms)[0m   [0;1mSHOW TABLES[0m
  [4;35;1mSQL (5.3ms)[0m   [0mCREATE TABLE `ingredients` (`id` int(11) DEFAULT NULL auto_increment PRIMARY KEY, `created_at` datetime, `updated_at` datetime) ENGINE=InnoDB[0m
  [4;36;1mSQL (0.2ms)[0m   [0;1mSHOW TABLES[0m
  [4;35;1mSQL (3.0ms)[0m   [0mCREATE TABLE `quantities` (`id` int(11) DEFAULT NULL auto_increment PRIMARY KEY, `created_at` datetime, `updated_at` datetime) ENGINE=InnoDB[0m
  [4;36;1mSQL (0.2ms)[0m   [0;1mSHOW TABLES[0m
  [4;35;1mSQL (3.5ms)[0m   [0mCREATE TABLE `recipes` (`id` int(11) DEFAULT NULL auto_increment PRIMARY KEY, `created_at` datetime, `updated_at` datetime) ENGINE=InnoDB[0m
  [4;36;1mSQL (0.4ms)[0m   [0;1mSHOW TABLES[0m
  [4;35;1mSQL (3.4ms)[0m   [0mCREATE TABLE `schema_migrations` (`version` varchar(255) NOT NULL) ENGINE=InnoDB[0m
  [4;36;1mSQL (0.5ms)[0m   [0;1mSHOW KEYS FROM `schema_migrations`[0m
  [4;35;1mSQL (6.6ms)[0m   [0mCREATE UNIQUE INDEX `unique_schema_migrations` ON `schema_migrations` (`version`)[0m
  [4;36;1mSQL (0.4ms)[0m   [0;1mSHOW TABLES[0m
  [4;35;1mSQL (0.4ms)[0m   [0mSELECT version FROM `schema_migrations`[0m
  [4;36;1mSQL (1.0ms)[0m   [0;1mINSERT INTO `schema_migrations` (version) VALUES ('20100618022713')[0m
  [4;35;1mSQL (0.6ms)[0m   [0mINSERT INTO `schema_migrations` (version) VALUES ('20100617040204')[0m
  [4;36;1mSQL (0.7ms)[0m   [0;1mINSERT INTO `schema_migrations` (version) VALUES ('20100618015149')[0m
  [4;36;1mSQL (0.1ms)[0m   [0;1mSET NAMES 'utf8'[0m
  [4;35;1mSQL (0.2ms)[0m   [0mSET SQL_AUTO_IS_NULL=0[0m
  [4;36;1mSQL (0.3ms)[0m   [0;1mSHOW TABLES[0m
  [4;35;1mSQL (0.1ms)[0m   [0mSELECT version FROM schema_migrations[0m
Migrating to CreateRecipes (20100617040204)
Migrating to CreateQuantities (20100618015149)
Migrating to CreateIngredients (20100618022931)
  [4;36;1mSQL (0.0ms)[0m   [0;1mMysql::Error: Table 'ingredients' already exists: CREATE TABLE `ingredients` (`id` int(11) DEFAULT NULL auto_increment PRIMARY KEY, `created_at` datetime, `updated_at` datetime) ENGINE=InnoDB[0m
  [4;36;1mSQL (0.3ms)[0m   [0;1mSET NAMES 'utf8'[0m
  [4;35;1mSQL (0.2ms)[0m   [0mSET SQL_AUTO_IS_NULL=0[0m
  [4;36;1mSQL (0.5ms)[0m   [0;1mSHOW TABLES[0m
  [4;35;1mSQL (11.1ms)[0m   [0mSELECT version FROM schema_migrations[0m
  [4;36;1mSQL (0.1ms)[0m   [0;1mSET NAMES 'utf8'[0m
  [4;35;1mSQL (0.1ms)[0m   [0mSET SQL_AUTO_IS_NULL=0[0m
  [4;36;1mSQL (0.3ms)[0m   [0;1mSHOW TABLES[0m
  [4;35;1mSQL (0.1ms)[0m   [0mSELECT version FROM schema_migrations[0m
Migrating to CreateRecipes (20100617040204)
Migrating to CreateQuantities (20100618015149)
Migrating to CreateIngredients (20100618022931)
  [4;36;1mSQL (0.0ms)[0m   [0;1mMysql::Error: Table 'ingredients' already exists: CREATE TABLE `ingredients` (`id` int(11) DEFAULT NULL auto_increment PRIMARY KEY, `created_at` datetime, `updated_at` datetime) ENGINE=InnoDB[0m
  [4;36;1mSQL (0.1ms)[0m   [0;1mSET NAMES 'utf8'[0m
  [4;35;1mSQL (0.1ms)[0m   [0mSET SQL_AUTO_IS_NULL=0[0m
  [4;36;1mSQL (0.2ms)[0m   [0;1mSHOW TABLES[0m
  [4;35;1mSQL (18.3ms)[0m   [0mCREATE TABLE `schema_migrations` (`version` varchar(255) NOT NULL) ENGINE=InnoDB[0m
  [4;36;1mSQL (0.5ms)[0m   [0;1mSHOW KEYS FROM `schema_migrations`[0m
  [4;35;1mSQL (6.7ms)[0m   [0mCREATE UNIQUE INDEX `unique_schema_migrations` ON `schema_migrations` (`version`)[0m
  [4;36;1mSQL (0.4ms)[0m   [0;1mSHOW TABLES[0m
  [4;35;1mSQL (0.4ms)[0m   [0mSELECT version FROM schema_migrations[0m
Migrating to CreateRecipes (20100617040204)
  [4;36;1mSQL (6.3ms)[0m   [0;1mCREATE TABLE `recipes` (`id` int(11) DEFAULT NULL auto_increment PRIMARY KEY, `created_at` datetime, `updated_at` datetime) ENGINE=InnoDB[0m
  [4;35;1mSQL (0.9ms)[0m   [0mINSERT INTO schema_migrations (version) VALUES ('20100617040204')[0m
Migrating to CreateQuantities (20100618015149)
  [4;36;1mSQL (10.0ms)[0m   [0;1mCREATE TABLE `quantities` (`id` int(11) DEFAULT NULL auto_increment PRIMARY KEY, `created_at` datetime, `updated_at` datetime) ENGINE=InnoDB[0m
  [4;35;1mSQL (1.3ms)[0m   [0mINSERT INTO schema_migrations (version) VALUES ('20100618015149')[0m
Migrating to CreateIngredients (20100618022931)
  [4;36;1mSQL (3.9ms)[0m   [0;1mCREATE TABLE `ingredients` (`id` int(11) DEFAULT NULL auto_increment PRIMARY KEY, `created_at` datetime, `updated_at` datetime) ENGINE=InnoDB[0m
  [4;35;1mSQL (0.7ms)[0m   [0mINSERT INTO schema_migrations (version) VALUES ('20100618022931')[0m
  [4;36;1mSQL (0.6ms)[0m   [0;1mSHOW TABLES[0m
  [4;35;1mSQL (0.3ms)[0m   [0mSELECT version FROM schema_migrations[0m
  [4;36;1mSQL (0.4ms)[0m   [0;1mSHOW TABLES[0m
  [4;35;1mSQL (1.3ms)[0m   [0mSHOW FIELDS FROM `ingredients`[0m
  [4;36;1mSQL (0.5ms)[0m   [0;1mdescribe `ingredients`[0m
  [4;35;1mSQL (0.5ms)[0m   [0mSHOW KEYS FROM `ingredients`[0m
  [4;36;1mSQL (1.2ms)[0m   [0;1mSHOW FIELDS FROM `quantities`[0m
  [4;35;1mSQL (1.0ms)[0m   [0mdescribe `quantities`[0m
  [4;36;1mSQL (0.3ms)[0m   [0;1mSHOW KEYS FROM `quantities`[0m
  [4;35;1mSQL (1.1ms)[0m   [0mSHOW FIELDS FROM `recipes`[0m
  [4;36;1mSQL (1.0ms)[0m   [0;1mdescribe `recipes`[0m
  [4;35;1mSQL (0.3ms)[0m   [0mSHOW KEYS FROM `recipes`[0m
  [4;36;1mSQL (0.2ms)[0m   [0;1mSET NAMES 'utf8'[0m
  [4;35;1mSQL (0.2ms)[0m   [0mSET SQL_AUTO_IS_NULL=0[0m
  [4;36;1mSQL (0.5ms)[0m   [0;1mSHOW TABLES[0m
  [4;35;1mSQL (11.4ms)[0m   [0mSELECT version FROM schema_migrations[0m
  [4;36;1mSQL (0.1ms)[0m   [0;1mSET NAMES 'utf8'[0m
  [4;35;1mSQL (0.1ms)[0m   [0mSET SQL_AUTO_IS_NULL=0[0m
  [4;36;1mSQL (12.4ms)[0m   [0;1mDROP DATABASE IF EXISTS `recipe_box_test`[0m
  [4;35;1mSQL (0.3ms)[0m   [0mCREATE DATABASE `recipe_box_test` DEFAULT CHARACTER SET `utf8`[0m
  [4;36;1mSQL (0.1ms)[0m   [0;1mSET NAMES 'utf8'[0m
  [4;35;1mSQL (0.1ms)[0m   [0mSET SQL_AUTO_IS_NULL=0[0m
  [4;36;1mSQL (0.3ms)[0m   [0;1mSHOW TABLES[0m
  [4;35;1mSQL (5.4ms)[0m   [0mCREATE TABLE `ingredients` (`id` int(11) DEFAULT NULL auto_increment PRIMARY KEY, `created_at` datetime, `updated_at` datetime) ENGINE=InnoDB[0m
  [4;36;1mSQL (0.3ms)[0m   [0;1mSHOW TABLES[0m
  [4;35;1mSQL (3.2ms)[0m   [0mCREATE TABLE `quantities` (`id` int(11) DEFAULT NULL auto_increment PRIMARY KEY, `created_at` datetime, `updated_at` datetime) ENGINE=InnoDB[0m
  [4;36;1mSQL (0.3ms)[0m   [0;1mSHOW TABLES[0m
  [4;35;1mSQL (4.5ms)[0m   [0mCREATE TABLE `recipes` (`id` int(11) DEFAULT NULL auto_increment PRIMARY KEY, `created_at` datetime, `updated_at` datetime) ENGINE=InnoDB[0m
  [4;36;1mSQL (0.3ms)[0m   [0;1mSHOW TABLES[0m
  [4;35;1mSQL (3.5ms)[0m   [0mCREATE TABLE `schema_migrations` (`version` varchar(255) NOT NULL) ENGINE=InnoDB[0m
  [4;36;1mSQL (0.5ms)[0m   [0;1mSHOW KEYS FROM `schema_migrations`[0m
  [4;35;1mSQL (6.8ms)[0m   [0mCREATE UNIQUE INDEX `unique_schema_migrations` ON `schema_migrations` (`version`)[0m
  [4;36;1mSQL (0.4ms)[0m   [0;1mSHOW TABLES[0m
  [4;35;1mSQL (0.4ms)[0m   [0mSELECT version FROM `schema_migrations`[0m
  [4;36;1mSQL (0.7ms)[0m   [0;1mINSERT INTO `schema_migrations` (version) VALUES ('20100618022931')[0m
  [4;35;1mSQL (0.6ms)[0m   [0mINSERT INTO `schema_migrations` (version) VALUES ('20100617040204')[0m
  [4;36;1mSQL (0.7ms)[0m   [0;1mINSERT INTO `schema_migrations` (version) VALUES ('20100618015149')[0m
  [4;36;1mSQL (0.1ms)[0m   [0;1mSET NAMES 'utf8'[0m
  [4;35;1mSQL (0.1ms)[0m   [0mSET SQL_AUTO_IS_NULL=0[0m
  [4;36;1mSQL (0.3ms)[0m   [0;1mSHOW TABLES[0m
  [4;35;1mSQL (7.6ms)[0m   [0mCREATE TABLE `schema_migrations` (`version` varchar(255) NOT NULL) ENGINE=InnoDB[0m
  [4;36;1mSQL (0.5ms)[0m   [0;1mSHOW KEYS FROM `schema_migrations`[0m
  [4;35;1mSQL (6.6ms)[0m   [0mCREATE UNIQUE INDEX `unique_schema_migrations` ON `schema_migrations` (`version`)[0m
  [4;36;1mSQL (0.3ms)[0m   [0;1mSHOW TABLES[0m
  [4;35;1mSQL (0.4ms)[0m   [0mSELECT version FROM schema_migrations[0m
Migrating to CreateRecipes (20100617040204)
  [4;36;1mSQL (3.9ms)[0m   [0;1mCREATE TABLE `recipes` (`id` int(11) DEFAULT NULL auto_increment PRIMARY KEY, `name` varchar(255) NOT NULL, `created_at` datetime, `updated_at` datetime) ENGINE=InnoDB[0m
  [4;35;1mSQL (0.6ms)[0m   [0mINSERT INTO schema_migrations (version) VALUES ('20100617040204')[0m
Migrating to CreateQuantities (20100618015149)
  [4;36;1mSQL (3.7ms)[0m   [0;1mCREATE TABLE `quantities` (`id` int(11) DEFAULT NULL auto_increment PRIMARY KEY, `created_at` datetime, `updated_at` datetime) ENGINE=InnoDB[0m
  [4;35;1mSQL (0.6ms)[0m   [0mINSERT INTO schema_migrations (version) VALUES ('20100618015149')[0m
Migrating to CreateIngredients (20100618022931)
  [4;36;1mSQL (5.2ms)[0m   [0;1mCREATE TABLE `ingredients` (`id` int(11) DEFAULT NULL auto_increment PRIMARY KEY, `created_at` datetime, `updated_at` datetime) ENGINE=InnoDB[0m
  [4;35;1mSQL (0.9ms)[0m   [0mINSERT INTO schema_migrations (version) VALUES ('20100618022931')[0m
  [4;36;1mSQL (0.6ms)[0m   [0;1mSHOW TABLES[0m
  [4;35;1mSQL (0.2ms)[0m   [0mSELECT version FROM schema_migrations[0m
  [4;36;1mSQL (0.2ms)[0m   [0;1mSHOW TABLES[0m
  [4;35;1mSQL (0.7ms)[0m   [0mSHOW FIELDS FROM `ingredients`[0m
  [4;36;1mSQL (0.5ms)[0m   [0;1mdescribe `ingredients`[0m
  [4;35;1mSQL (0.3ms)[0m   [0mSHOW KEYS FROM `ingredients`[0m
  [4;36;1mSQL (0.7ms)[0m   [0;1mSHOW FIELDS FROM `quantities`[0m
  [4;35;1mSQL (0.5ms)[0m   [0mdescribe `quantities`[0m
  [4;36;1mSQL (0.2ms)[0m   [0;1mSHOW KEYS FROM `quantities`[0m
  [4;35;1mSQL (0.6ms)[0m   [0mSHOW FIELDS FROM `recipes`[0m
  [4;36;1mSQL (0.5ms)[0m   [0;1mdescribe `recipes`[0m
  [4;35;1mSQL (0.2ms)[0m   [0mSHOW KEYS FROM `recipes`[0m
  [4;36;1mSQL (0.1ms)[0m   [0;1mSET NAMES 'utf8'[0m
  [4;35;1mSQL (0.1ms)[0m   [0mSET SQL_AUTO_IS_NULL=0[0m


Processing Rails::InfoController#properties (for 127.0.0.1 at 2010-06-27 23:13:27) [GET]
  [4;36;1mSQL (0.5ms)[0m   [0;1mSHOW TABLES[0m
  [4;35;1mSQL (0.1ms)[0m   [0mSELECT version FROM schema_migrations[0m
Completed in 83ms (View: 9, DB: 1) | 200 OK [http://localhost/rails/info/properties]
  [4;36;1mSQL (0.1ms)[0m   [0;1mSET NAMES 'utf8'[0m
  [4;35;1mSQL (0.1ms)[0m   [0mSET SQL_AUTO_IS_NULL=0[0m


Processing RecipesController#index (for 127.0.0.1 at 2010-06-27 23:16:31) [GET]
  [4;36;1mRecipe Load (0.4ms)[0m   [0;1mSELECT * FROM `recipes` [0m
Rendering recipes/index
Completed in 44ms (View: 13, DB: 1) | 200 OK [http://localhost/recipes]
  [4;36;1mSQL (0.1ms)[0m   [0;1mSET NAMES 'utf8'[0m
  [4;35;1mSQL (0.1ms)[0m   [0mSET SQL_AUTO_IS_NULL=0[0m
  [4;35;1mSQL (0.1ms)[0m   [0mSET NAMES 'utf8'[0m
  [4;36;1mSQL (0.1ms)[0m   [0;1mSET SQL_AUTO_IS_NULL=0[0m


Processing RecipesController#index (for 127.0.0.1 at 2010-06-27 23:16:50) [GET]
  [4;35;1mRecipe Load (0.4ms)[0m   [0mSELECT * FROM `recipes` [0m
Rendering recipes/index
  [4;36;1mRecipe Columns (0.8ms)[0m   [0;1mSHOW FIELDS FROM `recipes`[0m
Rendered recipes/_recipe (5.3ms)
Rendered recipes/_recipe (0.5ms)
Completed in 55ms (View: 47, DB: 1) | 200 OK [http://localhost/recipes]
  [4;35;1mSQL (0.1ms)[0m   [0mSET NAMES 'utf8'[0m
  [4;36;1mSQL (0.1ms)[0m   [0;1mSET SQL_AUTO_IS_NULL=0[0m


Processing RecipesController#show (for 127.0.0.1 at 2010-06-27 23:16:54) [GET]
  Parameters: {"id"=>"60086384"}

ActionController::UnknownAction (No action responded to show. Actions: index):
  <internal:prelude>:8:in `synchronize'
  /home/jess/.rvm/rubies/ruby-1.9.1-p378/lib/ruby/1.9.1/webrick/httpserver.rb:111:in `service'
  /home/jess/.rvm/rubies/ruby-1.9.1-p378/lib/ruby/1.9.1/webrick/httpserver.rb:70:in `run'
  /home/jess/.rvm/rubies/ruby-1.9.1-p378/lib/ruby/1.9.1/webrick/server.rb:183:in `block in start_thread'

Rendering rescues/layout (not_found)
  [4;36;1mSQL (0.1ms)[0m   [0;1mSET NAMES 'utf8'[0m
  [4;35;1mSQL (0.1ms)[0m   [0mSET SQL_AUTO_IS_NULL=0[0m
  [4;36;1mSQL (0.3ms)[0m   [0;1mSHOW TABLES[0m
  [4;35;1mSQL (0.1ms)[0m   [0mSELECT version FROM schema_migrations[0m
  [4;36;1mSQL (0.1ms)[0m   [0;1mSET NAMES 'utf8'[0m
  [4;35;1mSQL (0.1ms)[0m   [0mSET SQL_AUTO_IS_NULL=0[0m
  [4;36;1mSQL (9.6ms)[0m   [0;1mDROP DATABASE IF EXISTS `recipe_box_test`[0m
  [4;35;1mSQL (0.3ms)[0m   [0mCREATE DATABASE `recipe_box_test` DEFAULT CHARACTER SET `utf8`[0m
  [4;36;1mSQL (0.1ms)[0m   [0;1mSET NAMES 'utf8'[0m
  [4;35;1mSQL (0.1ms)[0m   [0mSET SQL_AUTO_IS_NULL=0[0m
  [4;36;1mSQL (0.2ms)[0m   [0;1mSHOW TABLES[0m
  [4;35;1mSQL (4.7ms)[0m   [0mCREATE TABLE `ingredients` (`id` int(11) DEFAULT NULL auto_increment PRIMARY KEY, `created_at` datetime, `updated_at` datetime) ENGINE=InnoDB[0m
  [4;36;1mSQL (0.2ms)[0m   [0;1mSHOW TABLES[0m
  [4;35;1mSQL (3.2ms)[0m   [0mCREATE TABLE `quantities` (`id` int(11) DEFAULT NULL auto_increment PRIMARY KEY, `created_at` datetime, `updated_at` datetime) ENGINE=InnoDB[0m
  [4;36;1mSQL (0.2ms)[0m   [0;1mSHOW TABLES[0m
  [4;35;1mSQL (3.4ms)[0m   [0mCREATE TABLE `recipes` (`id` int(11) DEFAULT NULL auto_increment PRIMARY KEY, `name` varchar(255) NOT NULL, `created_at` datetime, `updated_at` datetime) ENGINE=InnoDB[0m
  [4;36;1mSQL (0.3ms)[0m   [0;1mSHOW TABLES[0m
  [4;35;1mSQL (4.3ms)[0m   [0mCREATE TABLE `schema_migrations` (`version` varchar(255) NOT NULL) ENGINE=InnoDB[0m
  [4;36;1mSQL (0.5ms)[0m   [0;1mSHOW KEYS FROM `schema_migrations`[0m
  [4;35;1mSQL (6.6ms)[0m   [0mCREATE UNIQUE INDEX `unique_schema_migrations` ON `schema_migrations` (`version`)[0m
  [4;36;1mSQL (0.4ms)[0m   [0;1mSHOW TABLES[0m
  [4;35;1mSQL (0.4ms)[0m   [0mSELECT version FROM `schema_migrations`[0m
  [4;36;1mSQL (0.7ms)[0m   [0;1mINSERT INTO `schema_migrations` (version) VALUES ('20100618022931')[0m
  [4;35;1mSQL (0.6ms)[0m   [0mINSERT INTO `schema_migrations` (version) VALUES ('20100617040204')[0m
  [4;36;1mSQL (0.7ms)[0m   [0;1mINSERT INTO `schema_migrations` (version) VALUES ('20100618015149')[0m
  [4;36;1mSQL (0.1ms)[0m   [0;1mSET NAMES 'utf8'[0m
  [4;35;1mSQL (0.1ms)[0m   [0mSET SQL_AUTO_IS_NULL=0[0m
  [4;36;1mSQL (0.3ms)[0m   [0;1mSHOW TABLES[0m
  [4;35;1mSQL (0.1ms)[0m   [0mSELECT version FROM schema_migrations[0m
  [4;36;1mSQL (0.1ms)[0m   [0;1mSET NAMES 'utf8'[0m
  [4;35;1mSQL (0.1ms)[0m   [0mSET SQL_AUTO_IS_NULL=0[0m
  [4;36;1mSQL (7.7ms)[0m   [0;1mDROP DATABASE IF EXISTS `recipe_box_test`[0m
  [4;35;1mSQL (0.2ms)[0m   [0mCREATE DATABASE `recipe_box_test` DEFAULT CHARACTER SET `utf8`[0m
  [4;36;1mSQL (0.1ms)[0m   [0;1mSET NAMES 'utf8'[0m
  [4;35;1mSQL (0.1ms)[0m   [0mSET SQL_AUTO_IS_NULL=0[0m
  [4;36;1mSQL (0.2ms)[0m   [0;1mSHOW TABLES[0m
  [4;35;1mSQL (5.0ms)[0m   [0mCREATE TABLE `ingredients` (`id` int(11) DEFAULT NULL auto_increment PRIMARY KEY, `created_at` datetime, `updated_at` datetime) ENGINE=InnoDB[0m
  [4;36;1mSQL (0.3ms)[0m   [0;1mSHOW TABLES[0m
  [4;35;1mSQL (3.6ms)[0m   [0mCREATE TABLE `quantities` (`id` int(11) DEFAULT NULL auto_increment PRIMARY KEY, `created_at` datetime, `updated_at` datetime) ENGINE=InnoDB[0m
  [4;36;1mSQL (0.2ms)[0m   [0;1mSHOW TABLES[0m
  [4;35;1mSQL (5.7ms)[0m   [0mCREATE TABLE `recipes` (`id` int(11) DEFAULT NULL auto_increment PRIMARY KEY, `name` varchar(255) NOT NULL, `created_at` datetime, `updated_at` datetime) ENGINE=InnoDB[0m
  [4;36;1mSQL (0.3ms)[0m   [0;1mSHOW TABLES[0m
  [4;35;1mSQL (3.3ms)[0m   [0mCREATE TABLE `schema_migrations` (`version` varchar(255) NOT NULL) ENGINE=InnoDB[0m
  [4;36;1mSQL (0.5ms)[0m   [0;1mSHOW KEYS FROM `schema_migrations`[0m
  [4;35;1mSQL (10.4ms)[0m   [0mCREATE UNIQUE INDEX `unique_schema_migrations` ON `schema_migrations` (`version`)[0m
  [4;36;1mSQL (0.4ms)[0m   [0;1mSHOW TABLES[0m
  [4;35;1mSQL (0.4ms)[0m   [0mSELECT version FROM `schema_migrations`[0m
  [4;36;1mSQL (0.7ms)[0m   [0;1mINSERT INTO `schema_migrations` (version) VALUES ('20100618022931')[0m
  [4;35;1mSQL (0.9ms)[0m   [0mINSERT INTO `schema_migrations` (version) VALUES ('20100617040204')[0m
  [4;36;1mSQL (0.5ms)[0m   [0;1mINSERT INTO `schema_migrations` (version) VALUES ('20100618015149')[0m
